<?xml version="1.0" encoding="UTF-8"?>
<!-- Generated by org.testng.reporters.JUnitXMLReporter -->
<testsuite ignored="4" hostname="Ganesh" failures="0" tests="1" name="Default test" time="0.033" errors="0" timestamp="2021-10-16T19:24:41 IST">
  <testcase classname="TestStringCalculator" name="negativeInputReturnsException" time="0.005"/>
  <testcase classname="TestStringCalculator" name="returnsZero" time="0.0">
    <ignored/>
  </testcase> <!-- returnsZero -->
  <testcase classname="TestStringCalculator" name="returnsValue" time="0.0">
    <ignored/>
  </testcase> <!-- returnsValue -->
  <testcase classname="TestStringCalculator" name="twoNumbersNewLineDelimiterReturnSum" time="0.0">
    <ignored/>
  </testcase> <!-- twoNumbersNewLineDelimiterReturnSum -->
  <testcase classname="TestStringCalculator" name="sumOfNumbers" time="0.0">
    <ignored/>
  </testcase> <!-- sumOfNumbers -->
</testsuite> <!-- Default test -->
