<?xml version="1.0" encoding="UTF-8"?>
<!-- Generated by org.testng.reporters.JUnitXMLReporter -->
<testsuite ignored="0" hostname="Ganesh" failures="0" tests="7" name="Default test" time="0.058" errors="0" timestamp="2021-10-17T09:53:26 IST">
  <testcase classname="TestCalculator" name="emptyStringReturnZero" time="0.007"/>
  <testcase classname="TestCalculator" name="ignoresNumbersGreaterThan1000" time="0.002"/>
  <testcase classname="TestCalculator" name="negativeInputReturnsException" time="0.001"/>
  <testcase classname="TestCalculator" name="singleValueIsReplied" time="0.001"/>
  <testcase classname="TestCalculator" name="threeNumbersDelimitedReturnSum" time="0.001"/>
  <testcase classname="TestCalculator" name="twoNumberNewLineDelimitedReturnSum" time="0.001"/>
  <testcase classname="TestCalculator" name="twoNumbersComaDelimitedReturnSum" time="0.001"/>
</testsuite> <!-- Default test -->
